2013/07/27 15:27:16 [error] [php] PDO::__construct(): [2002] No such file or directory (trying to connect via unix:///var/mysql/mysql.sock) (/Applications/MAMP/vhosts/dogovor.1000web.ru/web/framework/db/CDbConnection.php:423)
Stack trace:
#0 /Applications/MAMP/vhosts/dogovor.1000web.ru/web/framework/db/CDbConnection.php(330): CDbConnection->open()
#1 /Applications/MAMP/vhosts/dogovor.1000web.ru/web/framework/db/CDbConnection.php(308): CDbConnection->setActive()
#2 /Applications/MAMP/vhosts/dogovor.1000web.ru/web/framework/base/CModule.php(387): CDbConnection->init()
#3 /Applications/MAMP/vhosts/dogovor.1000web.ru/web/framework/cli/commands/MigrateCommand.php(442): CConsoleApplication->getComponent()
#4 /Applications/MAMP/vhosts/dogovor.1000web.ru/web/framework/cli/commands/MigrateCommand.php(451): MigrateCommand->getDbConnection()
#5 /Applications/MAMP/vhosts/dogovor.1000web.ru/web/framework/cli/commands/MigrateCommand.php(482): MigrateCommand->getMigrationHistory()
#6 /Applications/MAMP/vhosts/dogovor.1000web.ru/web/framework/cli/commands/MigrateCommand.php(84): MigrateCommand->getNewMigrations()
#7 unknown(0): MigrateCommand->actionUp()
#8 /Applications/MAMP/vhosts/dogovor.1000web.ru/web/framework/console/CConsoleCommand.php(172): ReflectionMethod->invokeArgs()
#9 /Applications/MAMP/vhosts/dogovor.1000web.ru/web/framework/console/CConsoleCommandRunner.php(67): MigrateCommand->run()
#10 /Applications/MAMP/vhosts/dogovor.1000web.ru/web/framework/console/CConsoleApplication.php(91): CConsoleCommandRunner->run()
#11 /Applications/MAMP/vhosts/dogovor.1000web.ru/web/framework/base/CApplication.php(169): CConsoleApplication->processRequest()
#12 /Applications/MAMP/vhosts/dogovor.1000web.ru/web/framework/yiic.php(33): CConsoleApplication->run()
#13 /Applications/MAMP/vhosts/dogovor.1000web.ru/web/protected/yiic.php(7): require_once()
#14 /Applications/MAMP/vhosts/dogovor.1000web.ru/web/protected/yiic(4): require_once()

2013/07/27 15:28:06 [error] [php] PDO::__construct(): [2002] No such file or directory (trying to connect via unix:///var/mysql/mysql.sock) (/Applications/MAMP/vhosts/dogovor.1000web.ru/web/framework/db/CDbConnection.php:423)
Stack trace:
#0 /Applications/MAMP/vhosts/dogovor.1000web.ru/web/framework/db/CDbConnection.php(330): CDbConnection->open()
#1 /Applications/MAMP/vhosts/dogovor.1000web.ru/web/framework/db/CDbConnection.php(308): CDbConnection->setActive()
#2 /Applications/MAMP/vhosts/dogovor.1000web.ru/web/framework/base/CModule.php(387): CDbConnection->init()
#3 /Applications/MAMP/vhosts/dogovor.1000web.ru/web/framework/cli/commands/MigrateCommand.php(442): CConsoleApplication->getComponent()
#4 /Applications/MAMP/vhosts/dogovor.1000web.ru/web/framework/cli/commands/MigrateCommand.php(451): MigrateCommand->getDbConnection()
#5 /Applications/MAMP/vhosts/dogovor.1000web.ru/web/framework/cli/commands/MigrateCommand.php(482): MigrateCommand->getMigrationHistory()
#6 /Applications/MAMP/vhosts/dogovor.1000web.ru/web/framework/cli/commands/MigrateCommand.php(84): MigrateCommand->getNewMigrations()
#7 unknown(0): MigrateCommand->actionUp()
#8 /Applications/MAMP/vhosts/dogovor.1000web.ru/web/framework/console/CConsoleCommand.php(172): ReflectionMethod->invokeArgs()
#9 /Applications/MAMP/vhosts/dogovor.1000web.ru/web/framework/console/CConsoleCommandRunner.php(67): MigrateCommand->run()
#10 /Applications/MAMP/vhosts/dogovor.1000web.ru/web/framework/console/CConsoleApplication.php(91): CConsoleCommandRunner->run()
#11 /Applications/MAMP/vhosts/dogovor.1000web.ru/web/framework/base/CApplication.php(169): CConsoleApplication->processRequest()
#12 /Applications/MAMP/vhosts/dogovor.1000web.ru/web/framework/yiic.php(33): CConsoleApplication->run()
#13 /Applications/MAMP/vhosts/dogovor.1000web.ru/web/protected/yiic.php(7): require_once()
#14 /Applications/MAMP/vhosts/dogovor.1000web.ru/web/protected/yiic(4): require_once()

2013/07/27 13:47:08 [error] [exception.CDbException] exception 'CDbException' with message 'CDbConnection failed to open the DB connection: SQLSTATE[42000] [1044] Access denied for user '1000web_dogovor'@'localhost' to database '1000web_dorovor'' in /Applications/MAMP/vhosts/dogovor.1000web.ru/web/framework/db/CDbConnection.php:381
Stack trace:
#0 /Applications/MAMP/vhosts/dogovor.1000web.ru/web/framework/db/CDbConnection.php(330): CDbConnection->open()
#1 /Applications/MAMP/vhosts/dogovor.1000web.ru/web/framework/db/CDbConnection.php(308): CDbConnection->setActive(true)
#2 /Applications/MAMP/vhosts/dogovor.1000web.ru/web/framework/base/CModule.php(387): CDbConnection->init()
#3 /Applications/MAMP/vhosts/dogovor.1000web.ru/web/framework/cli/commands/MigrateCommand.php(442): CModule->getComponent('db')
#4 /Applications/MAMP/vhosts/dogovor.1000web.ru/web/framework/cli/commands/MigrateCommand.php(451): MigrateCommand->getDbConnection()
#5 /Applications/MAMP/vhosts/dogovor.1000web.ru/web/framework/cli/commands/MigrateCommand.php(482): MigrateCommand->getMigrationHistory(-1)
#6 /Applications/MAMP/vhosts/dogovor.1000web.ru/web/framework/cli/commands/MigrateCommand.php(84): MigrateCommand->getNewMigrations()
#7 [internal function]: MigrateCommand->actionUp(Array)
#8 /Applications/MAMP/vhosts/dogovor.1000web.ru/web/framework/console/CConsoleCommand.php(172): ReflectionMethod->invokeArgs(Object(MigrateCommand), Array)
#9 /Applications/MAMP/vhosts/dogovor.1000web.ru/web/framework/console/CConsoleCommandRunner.php(67): CConsoleCommand->run(Array)
#10 /Applications/MAMP/vhosts/dogovor.1000web.ru/web/framework/console/CConsoleApplication.php(91): CConsoleCommandRunner->run(Array)
#11 /Applications/MAMP/vhosts/dogovor.1000web.ru/web/framework/base/CApplication.php(169): CConsoleApplication->processRequest()
#12 /Applications/MAMP/vhosts/dogovor.1000web.ru/web/framework/yiic.php(33): CApplication->run()
#13 /Applications/MAMP/vhosts/dogovor.1000web.ru/web/protected/yiic.php(7): require_once('/Applications/M...')
#14 /Applications/MAMP/vhosts/dogovor.1000web.ru/web/protected/yiic(4): require_once('/Applications/M...')
#15 {main}
---
2013/07/27 13:49:11 [error] [exception.CDbException] exception 'CDbException' with message 'CDbConnection failed to open the DB connection: SQLSTATE[42000] [1044] Access denied for user '1000web_dogovor'@'localhost' to database '1000web_dorovor'' in /Applications/MAMP/vhosts/dogovor.1000web.ru/web/framework/db/CDbConnection.php:381
Stack trace:
#0 /Applications/MAMP/vhosts/dogovor.1000web.ru/web/framework/db/CDbConnection.php(330): CDbConnection->open()
#1 /Applications/MAMP/vhosts/dogovor.1000web.ru/web/framework/db/CDbConnection.php(308): CDbConnection->setActive(true)
#2 /Applications/MAMP/vhosts/dogovor.1000web.ru/web/framework/base/CModule.php(387): CDbConnection->init()
#3 /Applications/MAMP/vhosts/dogovor.1000web.ru/web/framework/cli/commands/MigrateCommand.php(442): CModule->getComponent('db')
#4 /Applications/MAMP/vhosts/dogovor.1000web.ru/web/framework/cli/commands/MigrateCommand.php(451): MigrateCommand->getDbConnection()
#5 /Applications/MAMP/vhosts/dogovor.1000web.ru/web/framework/cli/commands/MigrateCommand.php(482): MigrateCommand->getMigrationHistory(-1)
#6 /Applications/MAMP/vhosts/dogovor.1000web.ru/web/framework/cli/commands/MigrateCommand.php(84): MigrateCommand->getNewMigrations()
#7 [internal function]: MigrateCommand->actionUp(Array)
#8 /Applications/MAMP/vhosts/dogovor.1000web.ru/web/framework/console/CConsoleCommand.php(172): ReflectionMethod->invokeArgs(Object(MigrateCommand), Array)
#9 /Applications/MAMP/vhosts/dogovor.1000web.ru/web/framework/console/CConsoleCommandRunner.php(67): CConsoleCommand->run(Array)
#10 /Applications/MAMP/vhosts/dogovor.1000web.ru/web/framework/console/CConsoleApplication.php(91): CConsoleCommandRunner->run(Array)
#11 /Applications/MAMP/vhosts/dogovor.1000web.ru/web/framework/base/CApplication.php(169): CConsoleApplication->processRequest()
#12 /Applications/MAMP/vhosts/dogovor.1000web.ru/web/framework/yiic.php(33): CApplication->run()
#13 /Applications/MAMP/vhosts/dogovor.1000web.ru/web/protected/yiic.php(7): require_once('/Applications/M...')
#14 /Applications/MAMP/vhosts/dogovor.1000web.ru/web/protected/yiic(4): require_once('/Applications/M...')
#15 {main}
---
2013/07/27 13:50:53 [error] [exception.CDbException] exception 'CDbException' with message 'CDbConnection failed to open the DB connection: SQLSTATE[28000] [1045] Access denied for user '1000web_dogovor'@'localhost' (using password: YES)' in /Applications/MAMP/vhosts/dogovor.1000web.ru/web/framework/db/CDbConnection.php:381
Stack trace:
#0 /Applications/MAMP/vhosts/dogovor.1000web.ru/web/framework/db/CDbConnection.php(330): CDbConnection->open()
#1 /Applications/MAMP/vhosts/dogovor.1000web.ru/web/framework/db/CDbConnection.php(308): CDbConnection->setActive(true)
#2 /Applications/MAMP/vhosts/dogovor.1000web.ru/web/framework/base/CModule.php(387): CDbConnection->init()
#3 /Applications/MAMP/vhosts/dogovor.1000web.ru/web/framework/cli/commands/MigrateCommand.php(442): CModule->getComponent('db')
#4 /Applications/MAMP/vhosts/dogovor.1000web.ru/web/framework/cli/commands/MigrateCommand.php(451): MigrateCommand->getDbConnection()
#5 /Applications/MAMP/vhosts/dogovor.1000web.ru/web/framework/cli/commands/MigrateCommand.php(482): MigrateCommand->getMigrationHistory(-1)
#6 /Applications/MAMP/vhosts/dogovor.1000web.ru/web/framework/cli/commands/MigrateCommand.php(84): MigrateCommand->getNewMigrations()
#7 [internal function]: MigrateCommand->actionUp(Array)
#8 /Applications/MAMP/vhosts/dogovor.1000web.ru/web/framework/console/CConsoleCommand.php(172): ReflectionMethod->invokeArgs(Object(MigrateCommand), Array)
#9 /Applications/MAMP/vhosts/dogovor.1000web.ru/web/framework/console/CConsoleCommandRunner.php(67): CConsoleCommand->run(Array)
#10 /Applications/MAMP/vhosts/dogovor.1000web.ru/web/framework/console/CConsoleApplication.php(91): CConsoleCommandRunner->run(Array)
#11 /Applications/MAMP/vhosts/dogovor.1000web.ru/web/framework/base/CApplication.php(169): CConsoleApplication->processRequest()
#12 /Applications/MAMP/vhosts/dogovor.1000web.ru/web/framework/yiic.php(33): CApplication->run()
#13 /Applications/MAMP/vhosts/dogovor.1000web.ru/web/protected/yiic.php(7): require_once('/Applications/M...')
#14 /Applications/MAMP/vhosts/dogovor.1000web.ru/web/protected/yiic(4): require_once('/Applications/M...')
#15 {main}
---
2013/07/27 16:09:41 [error] [php] PDO::__construct(): [2002] No such file or directory (trying to connect via unix:///var/mysql/mysql.sock) (/Applications/MAMP/vhosts/dogovor.1000web.ru/web/framework/db/CDbConnection.php:423)
Stack trace:
#0 /Applications/MAMP/vhosts/dogovor.1000web.ru/web/framework/db/CDbConnection.php(330): CDbConnection->open()
#1 /Applications/MAMP/vhosts/dogovor.1000web.ru/web/framework/db/CDbConnection.php(308): CDbConnection->setActive()
#2 /Applications/MAMP/vhosts/dogovor.1000web.ru/web/framework/base/CModule.php(387): CDbConnection->init()
#3 /Applications/MAMP/vhosts/dogovor.1000web.ru/web/framework/cli/commands/MigrateCommand.php(442): CConsoleApplication->getComponent()
#4 /Applications/MAMP/vhosts/dogovor.1000web.ru/web/framework/cli/commands/MigrateCommand.php(451): MigrateCommand->getDbConnection()
#5 /Applications/MAMP/vhosts/dogovor.1000web.ru/web/framework/cli/commands/MigrateCommand.php(482): MigrateCommand->getMigrationHistory()
#6 /Applications/MAMP/vhosts/dogovor.1000web.ru/web/framework/cli/commands/MigrateCommand.php(84): MigrateCommand->getNewMigrations()
#7 unknown(0): MigrateCommand->actionUp()
#8 /Applications/MAMP/vhosts/dogovor.1000web.ru/web/framework/console/CConsoleCommand.php(172): ReflectionMethod->invokeArgs()
#9 /Applications/MAMP/vhosts/dogovor.1000web.ru/web/framework/console/CConsoleCommandRunner.php(67): MigrateCommand->run()
#10 /Applications/MAMP/vhosts/dogovor.1000web.ru/web/framework/console/CConsoleApplication.php(91): CConsoleCommandRunner->run()
#11 /Applications/MAMP/vhosts/dogovor.1000web.ru/web/framework/base/CApplication.php(169): CConsoleApplication->processRequest()
#12 /Applications/MAMP/vhosts/dogovor.1000web.ru/web/framework/yiic.php(33): CConsoleApplication->run()
#13 /Applications/MAMP/vhosts/dogovor.1000web.ru/web/protected/yiic.php(7): require_once()
#14 /Applications/MAMP/vhosts/dogovor.1000web.ru/web/protected/yiic(4): require_once()

2013/07/27 14:10:30 [error] [exception.CDbException] exception 'CDbException' with message 'CDbConnection failed to open the DB connection: SQLSTATE[28000] [1045] Access denied for user '1000web_dogovor'@'localhost' (using password: YES)' in /Applications/MAMP/vhosts/dogovor.1000web.ru/web/framework/db/CDbConnection.php:381
Stack trace:
#0 /Applications/MAMP/vhosts/dogovor.1000web.ru/web/framework/db/CDbConnection.php(330): CDbConnection->open()
#1 /Applications/MAMP/vhosts/dogovor.1000web.ru/web/framework/db/CDbConnection.php(308): CDbConnection->setActive(true)
#2 /Applications/MAMP/vhosts/dogovor.1000web.ru/web/framework/base/CModule.php(387): CDbConnection->init()
#3 /Applications/MAMP/vhosts/dogovor.1000web.ru/web/framework/cli/commands/MigrateCommand.php(442): CModule->getComponent('db')
#4 /Applications/MAMP/vhosts/dogovor.1000web.ru/web/framework/cli/commands/MigrateCommand.php(451): MigrateCommand->getDbConnection()
#5 /Applications/MAMP/vhosts/dogovor.1000web.ru/web/framework/cli/commands/MigrateCommand.php(482): MigrateCommand->getMigrationHistory(-1)
#6 /Applications/MAMP/vhosts/dogovor.1000web.ru/web/framework/cli/commands/MigrateCommand.php(84): MigrateCommand->getNewMigrations()
#7 [internal function]: MigrateCommand->actionUp(Array)
#8 /Applications/MAMP/vhosts/dogovor.1000web.ru/web/framework/console/CConsoleCommand.php(172): ReflectionMethod->invokeArgs(Object(MigrateCommand), Array)
#9 /Applications/MAMP/vhosts/dogovor.1000web.ru/web/framework/console/CConsoleCommandRunner.php(67): CConsoleCommand->run(Array)
#10 /Applications/MAMP/vhosts/dogovor.1000web.ru/web/framework/console/CConsoleApplication.php(91): CConsoleCommandRunner->run(Array)
#11 /Applications/MAMP/vhosts/dogovor.1000web.ru/web/framework/base/CApplication.php(169): CConsoleApplication->processRequest()
#12 /Applications/MAMP/vhosts/dogovor.1000web.ru/web/framework/yiic.php(33): CApplication->run()
#13 /Applications/MAMP/vhosts/dogovor.1000web.ru/web/protected/yiic.php(7): require_once('/Applications/M...')
#14 /Applications/MAMP/vhosts/dogovor.1000web.ru/web/protected/yiic(4): require_once('/Applications/M...')
#15 {main}
---
2013/07/27 14:13:22 [error] [exception.CDbException] exception 'CDbException' with message 'CDbConnection failed to open the DB connection: SQLSTATE[28000] [1045] Access denied for user '1000web_dogovor'@'localhost' (using password: YES)' in /Applications/MAMP/vhosts/dogovor.1000web.ru/web/framework/db/CDbConnection.php:381
Stack trace:
#0 /Applications/MAMP/vhosts/dogovor.1000web.ru/web/framework/db/CDbConnection.php(330): CDbConnection->open()
#1 /Applications/MAMP/vhosts/dogovor.1000web.ru/web/framework/db/CDbConnection.php(308): CDbConnection->setActive(true)
#2 /Applications/MAMP/vhosts/dogovor.1000web.ru/web/framework/base/CModule.php(387): CDbConnection->init()
#3 /Applications/MAMP/vhosts/dogovor.1000web.ru/web/framework/cli/commands/MigrateCommand.php(442): CModule->getComponent('db')
#4 /Applications/MAMP/vhosts/dogovor.1000web.ru/web/framework/cli/commands/MigrateCommand.php(451): MigrateCommand->getDbConnection()
#5 /Applications/MAMP/vhosts/dogovor.1000web.ru/web/framework/cli/commands/MigrateCommand.php(482): MigrateCommand->getMigrationHistory(-1)
#6 /Applications/MAMP/vhosts/dogovor.1000web.ru/web/framework/cli/commands/MigrateCommand.php(84): MigrateCommand->getNewMigrations()
#7 [internal function]: MigrateCommand->actionUp(Array)
#8 /Applications/MAMP/vhosts/dogovor.1000web.ru/web/framework/console/CConsoleCommand.php(172): ReflectionMethod->invokeArgs(Object(MigrateCommand), Array)
#9 /Applications/MAMP/vhosts/dogovor.1000web.ru/web/framework/console/CConsoleCommandRunner.php(67): CConsoleCommand->run(Array)
#10 /Applications/MAMP/vhosts/dogovor.1000web.ru/web/framework/console/CConsoleApplication.php(91): CConsoleCommandRunner->run(Array)
#11 /Applications/MAMP/vhosts/dogovor.1000web.ru/web/framework/base/CApplication.php(169): CConsoleApplication->processRequest()
#12 /Applications/MAMP/vhosts/dogovor.1000web.ru/web/framework/yiic.php(33): CApplication->run()
#13 /Applications/MAMP/vhosts/dogovor.1000web.ru/web/protected/yiic.php(7): require_once('/Applications/M...')
#14 /Applications/MAMP/vhosts/dogovor.1000web.ru/web/protected/yiic(4): require_once('/Applications/M...')
#15 {main}
---
2013/07/27 14:13:39 [error] [exception.CDbException] exception 'CDbException' with message 'CDbConnection failed to open the DB connection: SQLSTATE[28000] [1045] Access denied for user '1000web_dogovor'@'localhost' (using password: YES)' in /Applications/MAMP/vhosts/dogovor.1000web.ru/web/framework/db/CDbConnection.php:381
Stack trace:
#0 /Applications/MAMP/vhosts/dogovor.1000web.ru/web/framework/db/CDbConnection.php(330): CDbConnection->open()
#1 /Applications/MAMP/vhosts/dogovor.1000web.ru/web/framework/db/CDbConnection.php(308): CDbConnection->setActive(true)
#2 /Applications/MAMP/vhosts/dogovor.1000web.ru/web/framework/base/CModule.php(387): CDbConnection->init()
#3 /Applications/MAMP/vhosts/dogovor.1000web.ru/web/framework/cli/commands/MigrateCommand.php(442): CModule->getComponent('db')
#4 /Applications/MAMP/vhosts/dogovor.1000web.ru/web/framework/cli/commands/MigrateCommand.php(451): MigrateCommand->getDbConnection()
#5 /Applications/MAMP/vhosts/dogovor.1000web.ru/web/framework/cli/commands/MigrateCommand.php(482): MigrateCommand->getMigrationHistory(-1)
#6 /Applications/MAMP/vhosts/dogovor.1000web.ru/web/framework/cli/commands/MigrateCommand.php(84): MigrateCommand->getNewMigrations()
#7 [internal function]: MigrateCommand->actionUp(Array)
#8 /Applications/MAMP/vhosts/dogovor.1000web.ru/web/framework/console/CConsoleCommand.php(172): ReflectionMethod->invokeArgs(Object(MigrateCommand), Array)
#9 /Applications/MAMP/vhosts/dogovor.1000web.ru/web/framework/console/CConsoleCommandRunner.php(67): CConsoleCommand->run(Array)
#10 /Applications/MAMP/vhosts/dogovor.1000web.ru/web/framework/console/CConsoleApplication.php(91): CConsoleCommandRunner->run(Array)
#11 /Applications/MAMP/vhosts/dogovor.1000web.ru/web/framework/base/CApplication.php(169): CConsoleApplication->processRequest()
#12 /Applications/MAMP/vhosts/dogovor.1000web.ru/web/framework/yiic.php(33): CApplication->run()
#13 /Applications/MAMP/vhosts/dogovor.1000web.ru/web/protected/yiic.php(7): require_once('/Applications/M...')
#14 /Applications/MAMP/vhosts/dogovor.1000web.ru/web/protected/yiic(4): require_once('/Applications/M...')
#15 {main}
---
2013/07/27 14:18:38 [error] [exception.CDbException] exception 'CDbException' with message 'CDbConnection failed to open the DB connection: SQLSTATE[28000] [1045] Access denied for user '1000web_dogovor'@'localhost' (using password: YES)' in /Applications/MAMP/vhosts/dogovor.1000web.ru/web/framework/db/CDbConnection.php:381
Stack trace:
#0 /Applications/MAMP/vhosts/dogovor.1000web.ru/web/framework/db/CDbConnection.php(330): CDbConnection->open()
#1 /Applications/MAMP/vhosts/dogovor.1000web.ru/web/framework/db/CDbConnection.php(308): CDbConnection->setActive(true)
#2 /Applications/MAMP/vhosts/dogovor.1000web.ru/web/framework/base/CModule.php(387): CDbConnection->init()
#3 /Applications/MAMP/vhosts/dogovor.1000web.ru/web/framework/cli/commands/MigrateCommand.php(442): CModule->getComponent('db')
#4 /Applications/MAMP/vhosts/dogovor.1000web.ru/web/framework/cli/commands/MigrateCommand.php(451): MigrateCommand->getDbConnection()
#5 /Applications/MAMP/vhosts/dogovor.1000web.ru/web/framework/cli/commands/MigrateCommand.php(482): MigrateCommand->getMigrationHistory(-1)
#6 /Applications/MAMP/vhosts/dogovor.1000web.ru/web/framework/cli/commands/MigrateCommand.php(84): MigrateCommand->getNewMigrations()
#7 [internal function]: MigrateCommand->actionUp(Array)
#8 /Applications/MAMP/vhosts/dogovor.1000web.ru/web/framework/console/CConsoleCommand.php(172): ReflectionMethod->invokeArgs(Object(MigrateCommand), Array)
#9 /Applications/MAMP/vhosts/dogovor.1000web.ru/web/framework/console/CConsoleCommandRunner.php(67): CConsoleCommand->run(Array)
#10 /Applications/MAMP/vhosts/dogovor.1000web.ru/web/framework/console/CConsoleApplication.php(91): CConsoleCommandRunner->run(Array)
#11 /Applications/MAMP/vhosts/dogovor.1000web.ru/web/framework/base/CApplication.php(169): CConsoleApplication->processRequest()
#12 /Applications/MAMP/vhosts/dogovor.1000web.ru/web/framework/yiic.php(33): CApplication->run()
#13 /Applications/MAMP/vhosts/dogovor.1000web.ru/web/protected/yiic.php(7): require_once('/Applications/M...')
#14 /Applications/MAMP/vhosts/dogovor.1000web.ru/web/protected/yiic(4): require_once('/Applications/M...')
#15 {main}
---
2013/07/27 14:23:41 [error] [exception.CDbException] exception 'CDbException' with message 'CDbConnection failed to open the DB connection: SQLSTATE[28000] [1045] Access denied for user '1000web_dogovor'@'localhost' (using password: YES)' in /Applications/MAMP/vhosts/dogovor.1000web.ru/web/framework/db/CDbConnection.php:381
Stack trace:
#0 /Applications/MAMP/vhosts/dogovor.1000web.ru/web/framework/db/CDbConnection.php(330): CDbConnection->open()
#1 /Applications/MAMP/vhosts/dogovor.1000web.ru/web/framework/db/CDbConnection.php(308): CDbConnection->setActive(true)
#2 /Applications/MAMP/vhosts/dogovor.1000web.ru/web/framework/base/CModule.php(387): CDbConnection->init()
#3 /Applications/MAMP/vhosts/dogovor.1000web.ru/web/framework/base/CApplication.php(438): CModule->getComponent('db')
#4 /Applications/MAMP/vhosts/dogovor.1000web.ru/web/framework/db/ar/CActiveRecord.php(623): CApplication->getDb()
#5 /Applications/MAMP/vhosts/dogovor.1000web.ru/web/framework/db/ar/CActiveRecord.php(2309): CActiveRecord->getDbConnection()
#6 /Applications/MAMP/vhosts/dogovor.1000web.ru/web/framework/db/ar/CActiveRecord.php(387): CActiveRecordMetaData->__construct(Object(User))
#7 /Applications/MAMP/vhosts/dogovor.1000web.ru/web/protected/modules/user/models/User.php(33): CActiveRecord::model('User')
#8 /Applications/MAMP/vhosts/dogovor.1000web.ru/web/protected/modules/user/components/UserIdentity.php(27): User::model()
#9 /Applications/MAMP/vhosts/dogovor.1000web.ru/web/protected/models/LoginForm.php(52): UserIdentity->authenticate()
#10 /Applications/MAMP/vhosts/dogovor.1000web.ru/web/framework/validators/CInlineValidator.php(42): LoginForm->authenticate('password', Array)
#11 /Applications/MAMP/vhosts/dogovor.1000web.ru/web/framework/validators/CValidator.php(213): CInlineValidator->validateAttribute(Object(LoginForm), 'password')
#12 /Applications/MAMP/vhosts/dogovor.1000web.ru/web/framework/base/CModel.php(159): CValidator->validate(Object(LoginForm), NULL)
#13 /Applications/MAMP/vhosts/dogovor.1000web.ru/web/protected/controllers/SiteController.php(94): CModel->validate()
#14 /Applications/MAMP/vhosts/dogovor.1000web.ru/web/framework/web/actions/CInlineAction.php(49): SiteController->actionLogin()
#15 /Applications/MAMP/vhosts/dogovor.1000web.ru/web/framework/web/CController.php(308): CInlineAction->runWithParams(Array)
#16 /Applications/MAMP/vhosts/dogovor.1000web.ru/web/framework/web/CController.php(286): CController->runAction(Object(CInlineAction))
#17 /Applications/MAMP/vhosts/dogovor.1000web.ru/web/framework/web/CController.php(265): CController->runActionWithFilters(Object(CInlineAction), Array)
#18 /Applications/MAMP/vhosts/dogovor.1000web.ru/web/framework/web/CWebApplication.php(282): CController->run('login')
#19 /Applications/MAMP/vhosts/dogovor.1000web.ru/web/framework/web/CWebApplication.php(141): CWebApplication->runController('site/login')
#20 /Applications/MAMP/vhosts/dogovor.1000web.ru/web/framework/base/CApplication.php(169): CWebApplication->processRequest()
#21 /Applications/MAMP/vhosts/dogovor.1000web.ru/web/index.php(13): CApplication->run()
#22 {main}
REQUEST_URI=/index.php/site/login
HTTP_REFERER=http://local.dogovor.1000web.ru/index.php/site/login
---
2013/07/27 14:25:01 [error] [system.db.CDbCommand] CDbCommand::fetchAll() failed: SQLSTATE[42S02]: Base table or view not found: 1146 Table '1000web_dogovor.tbl_migration' doesn't exist. The SQL statement executed was: SHOW FULL COLUMNS FROM `tbl_migration`.
2013/07/27 14:31:20 [error] [system.db.CDbCommand] CDbCommand::fetchAll() failed: SQLSTATE[42S02]: Base table or view not found: 1146 Table '1000web_dogovor.AuthAssignment' doesn't exist. The SQL statement executed was: SELECT * FROM AuthAssignment WHERE itemname=:itemname.
in /Applications/MAMP/vhosts/dogovor.1000web.ru/web/protected/modules/rights/components/RDbAuthManager.php (247)
in /Applications/MAMP/vhosts/dogovor.1000web.ru/web/protected/modules/rights/components/RAuthorizer.php (285)
in /Applications/MAMP/vhosts/dogovor.1000web.ru/web/protected/modules/rights/controllers/AssignmentController.php (51)
2013/07/27 14:31:20 [error] [exception.CDbException] exception 'CDbException' with message 'CDbCommand failed to execute the SQL statement: SQLSTATE[42S02]: Base table or view not found: 1146 Table '1000web_dogovor.AuthAssignment' doesn't exist. The SQL statement executed was: SELECT * FROM AuthAssignment WHERE itemname=:itemname' in /Applications/MAMP/vhosts/dogovor.1000web.ru/web/framework/db/CDbCommand.php:541
Stack trace:
#0 /Applications/MAMP/vhosts/dogovor.1000web.ru/web/framework/db/CDbCommand.php(395): CDbCommand->queryInternal('fetchAll', Array, Array)
#1 /Applications/MAMP/vhosts/dogovor.1000web.ru/web/protected/modules/rights/components/RDbAuthManager.php(247): CDbCommand->queryAll('SELECT * FROM A...')
#2 /Applications/MAMP/vhosts/dogovor.1000web.ru/web/protected/modules/rights/components/RAuthorizer.php(285): RDbAuthManager->getAssignmentsByItemName('Admin')
#3 /Applications/MAMP/vhosts/dogovor.1000web.ru/web/protected/modules/rights/controllers/AssignmentController.php(51): RAuthorizer->getSuperusers()
#4 /Applications/MAMP/vhosts/dogovor.1000web.ru/web/framework/web/CController.php(1144): AssignmentController->accessRules()
#5 /Applications/MAMP/vhosts/dogovor.1000web.ru/web/framework/web/filters/CInlineFilter.php(58): CController->filterAccessControl(Object(CFilterChain))
#6 /Applications/MAMP/vhosts/dogovor.1000web.ru/web/framework/web/filters/CFilterChain.php(130): CInlineFilter->filter(Object(CFilterChain))
#7 /Applications/MAMP/vhosts/dogovor.1000web.ru/web/framework/web/CController.php(291): CFilterChain->run()
#8 /Applications/MAMP/vhosts/dogovor.1000web.ru/web/framework/web/CController.php(265): CController->runActionWithFilters(Object(CInlineAction), Array)
#9 /Applications/MAMP/vhosts/dogovor.1000web.ru/web/framework/web/CWebApplication.php(282): CController->run('')
#10 /Applications/MAMP/vhosts/dogovor.1000web.ru/web/framework/web/CWebApplication.php(141): CWebApplication->runController('rights')
#11 /Applications/MAMP/vhosts/dogovor.1000web.ru/web/framework/base/CApplication.php(169): CWebApplication->processRequest()
#12 /Applications/MAMP/vhosts/dogovor.1000web.ru/web/index.php(13): CApplication->run()
#13 {main}
REQUEST_URI=/index.php/rights
---
2013/07/27 14:33:26 [error] [exception.CDbException] exception 'CDbException' with message 'Active record "User" is trying to select an invalid column "user.lastvisit_at". Note, the column must exist in the table or be an expression with alias.' in /Applications/MAMP/vhosts/dogovor.1000web.ru/web/framework/db/ar/CActiveFinder.php:917
Stack trace:
#0 /Applications/MAMP/vhosts/dogovor.1000web.ru/web/framework/db/ar/CActiveFinder.php(1208): CJoinElement->getColumnSelect('user.id, user.u...')
#1 /Applications/MAMP/vhosts/dogovor.1000web.ru/web/framework/db/ar/CActiveFinder.php(418): CJoinQuery->__construct(Object(CJoinElement), Object(CDbCriteria))
#2 /Applications/MAMP/vhosts/dogovor.1000web.ru/web/framework/db/ar/CActiveFinder.php(68): CJoinElement->find(Object(CDbCriteria))
#3 /Applications/MAMP/vhosts/dogovor.1000web.ru/web/framework/db/ar/CActiveRecord.php(1302): CActiveFinder->query(Object(CDbCriteria), true)
#4 /Applications/MAMP/vhosts/dogovor.1000web.ru/web/framework/db/ar/CActiveRecord.php(1416): CActiveRecord->query(Object(CDbCriteria), true)
#5 /Applications/MAMP/vhosts/dogovor.1000web.ru/web/protected/modules/rights/components/RAuthorizer.php(295): CActiveRecord->findAll(Object(CDbCriteria))
#6 /Applications/MAMP/vhosts/dogovor.1000web.ru/web/protected/modules/rights/controllers/AssignmentController.php(51): RAuthorizer->getSuperusers()
#7 /Applications/MAMP/vhosts/dogovor.1000web.ru/web/framework/web/CController.php(1144): AssignmentController->accessRules()
#8 /Applications/MAMP/vhosts/dogovor.1000web.ru/web/framework/web/filters/CInlineFilter.php(58): CController->filterAccessControl(Object(CFilterChain))
#9 /Applications/MAMP/vhosts/dogovor.1000web.ru/web/framework/web/filters/CFilterChain.php(130): CInlineFilter->filter(Object(CFilterChain))
#10 /Applications/MAMP/vhosts/dogovor.1000web.ru/web/framework/web/CController.php(291): CFilterChain->run()
#11 /Applications/MAMP/vhosts/dogovor.1000web.ru/web/framework/web/CController.php(265): CController->runActionWithFilters(Object(CInlineAction), Array)
#12 /Applications/MAMP/vhosts/dogovor.1000web.ru/web/framework/web/CWebApplication.php(282): CController->run('')
#13 /Applications/MAMP/vhosts/dogovor.1000web.ru/web/framework/web/CWebApplication.php(141): CWebApplication->runController('rights')
#14 /Applications/MAMP/vhosts/dogovor.1000web.ru/web/framework/base/CApplication.php(169): CWebApplication->processRequest()
#15 /Applications/MAMP/vhosts/dogovor.1000web.ru/web/index.php(13): CApplication->run()
#16 {main}
REQUEST_URI=/index.php/rights
---
2013/07/27 14:34:53 [error] [exception.CHttpException.403] exception 'CHttpException' with message 'There must be at least one superuser!' in /Applications/MAMP/vhosts/dogovor.1000web.ru/web/protected/modules/rights/components/RAuthorizer.php:305
Stack trace:
#0 /Applications/MAMP/vhosts/dogovor.1000web.ru/web/protected/modules/rights/controllers/AssignmentController.php(51): RAuthorizer->getSuperusers()
#1 /Applications/MAMP/vhosts/dogovor.1000web.ru/web/framework/web/CController.php(1144): AssignmentController->accessRules()
#2 /Applications/MAMP/vhosts/dogovor.1000web.ru/web/framework/web/filters/CInlineFilter.php(58): CController->filterAccessControl(Object(CFilterChain))
#3 /Applications/MAMP/vhosts/dogovor.1000web.ru/web/framework/web/filters/CFilterChain.php(130): CInlineFilter->filter(Object(CFilterChain))
#4 /Applications/MAMP/vhosts/dogovor.1000web.ru/web/framework/web/CController.php(291): CFilterChain->run()
#5 /Applications/MAMP/vhosts/dogovor.1000web.ru/web/framework/web/CController.php(265): CController->runActionWithFilters(Object(CInlineAction), Array)
#6 /Applications/MAMP/vhosts/dogovor.1000web.ru/web/framework/web/CWebApplication.php(282): CController->run('')
#7 /Applications/MAMP/vhosts/dogovor.1000web.ru/web/framework/web/CWebApplication.php(141): CWebApplication->runController('rights')
#8 /Applications/MAMP/vhosts/dogovor.1000web.ru/web/framework/base/CApplication.php(169): CWebApplication->processRequest()
#9 /Applications/MAMP/vhosts/dogovor.1000web.ru/web/index.php(13): CApplication->run()
#10 {main}
REQUEST_URI=/index.php/rights
---
2013/07/27 14:35:22 [error] [exception.CHttpException.403] exception 'CHttpException' with message 'There must be at least one superuser!' in /Applications/MAMP/vhosts/dogovor.1000web.ru/web/protected/modules/rights/components/RAuthorizer.php:305
Stack trace:
#0 /Applications/MAMP/vhosts/dogovor.1000web.ru/web/protected/modules/rights/controllers/AssignmentController.php(51): RAuthorizer->getSuperusers()
#1 /Applications/MAMP/vhosts/dogovor.1000web.ru/web/framework/web/CController.php(1144): AssignmentController->accessRules()
#2 /Applications/MAMP/vhosts/dogovor.1000web.ru/web/framework/web/filters/CInlineFilter.php(58): CController->filterAccessControl(Object(CFilterChain))
#3 /Applications/MAMP/vhosts/dogovor.1000web.ru/web/framework/web/filters/CFilterChain.php(130): CInlineFilter->filter(Object(CFilterChain))
#4 /Applications/MAMP/vhosts/dogovor.1000web.ru/web/framework/web/CController.php(291): CFilterChain->run()
#5 /Applications/MAMP/vhosts/dogovor.1000web.ru/web/framework/web/CController.php(265): CController->runActionWithFilters(Object(CInlineAction), Array)
#6 /Applications/MAMP/vhosts/dogovor.1000web.ru/web/framework/web/CWebApplication.php(282): CController->run('')
#7 /Applications/MAMP/vhosts/dogovor.1000web.ru/web/framework/web/CWebApplication.php(141): CWebApplication->runController('rights')
#8 /Applications/MAMP/vhosts/dogovor.1000web.ru/web/framework/base/CApplication.php(169): CWebApplication->processRequest()
#9 /Applications/MAMP/vhosts/dogovor.1000web.ru/web/index.php(13): CApplication->run()
#10 {main}
REQUEST_URI=/index.php/rights
---
2013/07/28 11:04:42 [error] [exception.CHttpException.404] exception 'CHttpException' with message 'Невозможно обработать запрос "rightst".' in /Applications/MAMP/vhosts/dogovor.1000web.ru/web/framework/web/CWebApplication.php:286
Stack trace:
#0 /Applications/MAMP/vhosts/dogovor.1000web.ru/web/framework/web/CWebApplication.php(141): CWebApplication->runController('rightst')
#1 /Applications/MAMP/vhosts/dogovor.1000web.ru/web/framework/base/CApplication.php(169): CWebApplication->processRequest()
#2 /Applications/MAMP/vhosts/dogovor.1000web.ru/web/index.php(13): CApplication->run()
#3 {main}
REQUEST_URI=/rightst
---
2013/07/28 11:43:49 [error] [exception.CException] exception 'CException' with message 'В классе RWebUser и его поведениях не найден метод или замыкание с именем "updateSession".' in /Applications/MAMP/vhosts/dogovor.1000web.ru/web/framework/base/CComponent.php:265
Stack trace:
#0 /Applications/MAMP/vhosts/dogovor.1000web.ru/web/protected/modules/user/controllers/ProfileController.php(48): CComponent->__call('updateSession', Array)
#1 /Applications/MAMP/vhosts/dogovor.1000web.ru/web/protected/modules/user/controllers/ProfileController.php(48): RWebUser->updateSession()
#2 /Applications/MAMP/vhosts/dogovor.1000web.ru/web/framework/web/actions/CInlineAction.php(49): ProfileController->actionEdit()
#3 /Applications/MAMP/vhosts/dogovor.1000web.ru/web/framework/web/CController.php(308): CInlineAction->runWithParams(Array)
#4 /Applications/MAMP/vhosts/dogovor.1000web.ru/web/framework/web/CController.php(286): CController->runAction(Object(CInlineAction))
#5 /Applications/MAMP/vhosts/dogovor.1000web.ru/web/framework/web/CController.php(265): CController->runActionWithFilters(Object(CInlineAction), Array)
#6 /Applications/MAMP/vhosts/dogovor.1000web.ru/web/framework/web/CWebApplication.php(282): CController->run('edit')
#7 /Applications/MAMP/vhosts/dogovor.1000web.ru/web/framework/web/CWebApplication.php(141): CWebApplication->runController('user/profile/ed...')
#8 /Applications/MAMP/vhosts/dogovor.1000web.ru/web/framework/base/CApplication.php(169): CWebApplication->processRequest()
#9 /Applications/MAMP/vhosts/dogovor.1000web.ru/web/index.php(13): CApplication->run()
#10 {main}
REQUEST_URI=/user/profile/edit
HTTP_REFERER=http://local.dogovor.1000web.ru/user/profile/edit
---
2013/07/28 13:53:06 [error] [exception.CHttpException.404] exception 'CHttpException' with message 'Невозможно обработать запрос "ышеу/login".' in /Applications/MAMP/vhosts/dogovor.1000web.ru/web/framework/web/CWebApplication.php:286
Stack trace:
#0 /Applications/MAMP/vhosts/dogovor.1000web.ru/web/framework/web/CWebApplication.php(141): CWebApplication->runController('????????/login')
#1 /Applications/MAMP/vhosts/dogovor.1000web.ru/web/framework/base/CApplication.php(169): CWebApplication->processRequest()
#2 /Applications/MAMP/vhosts/dogovor.1000web.ru/web/index.php(13): CApplication->run()
#3 {main}
REQUEST_URI=/%D1%8B%D1%88%D0%B5%D1%83/login
---
2013/07/28 15:18:19 [error] [exception.CDbException] exception 'CDbException' with message 'CDbConnection failed to open the DB connection: SQLSTATE[28000] [1045] Access denied for user '1000web_crm'@'localhost' (using password: YES)' in /Applications/MAMP/vhosts/crm.1000web.ru/web/framework/db/CDbConnection.php:381
Stack trace:
#0 /Applications/MAMP/vhosts/crm.1000web.ru/web/framework/db/CDbConnection.php(330): CDbConnection->open()
#1 /Applications/MAMP/vhosts/crm.1000web.ru/web/framework/db/CDbConnection.php(308): CDbConnection->setActive(true)
#2 /Applications/MAMP/vhosts/crm.1000web.ru/web/framework/base/CModule.php(387): CDbConnection->init()
#3 /Applications/MAMP/vhosts/crm.1000web.ru/web/framework/base/CApplication.php(438): CModule->getComponent('db')
#4 /Applications/MAMP/vhosts/crm.1000web.ru/web/framework/db/ar/CActiveRecord.php(623): CApplication->getDb()
#5 /Applications/MAMP/vhosts/crm.1000web.ru/web/framework/db/ar/CActiveRecord.php(2309): CActiveRecord->getDbConnection()
#6 /Applications/MAMP/vhosts/crm.1000web.ru/web/framework/db/ar/CActiveRecord.php(387): CActiveRecordMetaData->__construct(Object(User))
#7 /Applications/MAMP/vhosts/crm.1000web.ru/web/protected/modules/user/models/User.php(33): CActiveRecord::model('User')
#8 /Applications/MAMP/vhosts/crm.1000web.ru/web/protected/modules/user/UserModule.php(245): User::model()
#9 /Applications/MAMP/vhosts/crm.1000web.ru/web/protected/modules/user/controllers/ProfileController.php(98): UserModule::user()
#10 /Applications/MAMP/vhosts/crm.1000web.ru/web/protected/modules/user/controllers/ProfileController.php(18): ProfileController->loadUser()
#11 /Applications/MAMP/vhosts/crm.1000web.ru/web/framework/web/actions/CInlineAction.php(49): ProfileController->actionProfile()
#12 /Applications/MAMP/vhosts/crm.1000web.ru/web/framework/web/CController.php(308): CInlineAction->runWithParams(Array)
#13 /Applications/MAMP/vhosts/crm.1000web.ru/web/framework/web/CController.php(286): CController->runAction(Object(CInlineAction))
#14 /Applications/MAMP/vhosts/crm.1000web.ru/web/framework/web/CController.php(265): CController->runActionWithFilters(Object(CInlineAction), Array)
#15 /Applications/MAMP/vhosts/crm.1000web.ru/web/framework/web/CWebApplication.php(282): CController->run('')
#16 /Applications/MAMP/vhosts/crm.1000web.ru/web/framework/web/CWebApplication.php(141): CWebApplication->runController('user/profile')
#17 /Applications/MAMP/vhosts/crm.1000web.ru/web/framework/base/CApplication.php(169): CWebApplication->processRequest()
#18 /Applications/MAMP/vhosts/crm.1000web.ru/web/index.php(13): CApplication->run()
#19 {main}
REQUEST_URI=/user/profile
HTTP_REFERER=http://local.crm.1000web.ru/
---
2013/07/28 15:19:06 [error] [exception.CDbException] exception 'CDbException' with message 'CDbConnection failed to open the DB connection: SQLSTATE[28000] [1045] Access denied for user '1000web_crm'@'localhost' (using password: YES)' in /Applications/MAMP/vhosts/crm.1000web.ru/web/framework/db/CDbConnection.php:381
Stack trace:
#0 /Applications/MAMP/vhosts/crm.1000web.ru/web/framework/db/CDbConnection.php(330): CDbConnection->open()
#1 /Applications/MAMP/vhosts/crm.1000web.ru/web/framework/db/CDbConnection.php(308): CDbConnection->setActive(true)
#2 /Applications/MAMP/vhosts/crm.1000web.ru/web/framework/base/CModule.php(387): CDbConnection->init()
#3 /Applications/MAMP/vhosts/crm.1000web.ru/web/framework/base/CApplication.php(438): CModule->getComponent('db')
#4 /Applications/MAMP/vhosts/crm.1000web.ru/web/framework/db/ar/CActiveRecord.php(623): CApplication->getDb()
#5 /Applications/MAMP/vhosts/crm.1000web.ru/web/framework/db/ar/CActiveRecord.php(2309): CActiveRecord->getDbConnection()
#6 /Applications/MAMP/vhosts/crm.1000web.ru/web/framework/db/ar/CActiveRecord.php(387): CActiveRecordMetaData->__construct(Object(User))
#7 /Applications/MAMP/vhosts/crm.1000web.ru/web/protected/modules/user/models/User.php(33): CActiveRecord::model('User')
#8 /Applications/MAMP/vhosts/crm.1000web.ru/web/protected/modules/user/UserModule.php(245): User::model()
#9 /Applications/MAMP/vhosts/crm.1000web.ru/web/protected/modules/user/controllers/ProfileController.php(98): UserModule::user()
#10 /Applications/MAMP/vhosts/crm.1000web.ru/web/protected/modules/user/controllers/ProfileController.php(18): ProfileController->loadUser()
#11 /Applications/MAMP/vhosts/crm.1000web.ru/web/framework/web/actions/CInlineAction.php(49): ProfileController->actionProfile()
#12 /Applications/MAMP/vhosts/crm.1000web.ru/web/framework/web/CController.php(308): CInlineAction->runWithParams(Array)
#13 /Applications/MAMP/vhosts/crm.1000web.ru/web/framework/web/CController.php(286): CController->runAction(Object(CInlineAction))
#14 /Applications/MAMP/vhosts/crm.1000web.ru/web/framework/web/CController.php(265): CController->runActionWithFilters(Object(CInlineAction), Array)
#15 /Applications/MAMP/vhosts/crm.1000web.ru/web/framework/web/CWebApplication.php(282): CController->run('')
#16 /Applications/MAMP/vhosts/crm.1000web.ru/web/framework/web/CWebApplication.php(141): CWebApplication->runController('user/profile')
#17 /Applications/MAMP/vhosts/crm.1000web.ru/web/framework/base/CApplication.php(169): CWebApplication->processRequest()
#18 /Applications/MAMP/vhosts/crm.1000web.ru/web/index.php(13): CApplication->run()
#19 {main}
REQUEST_URI=/user/profile
HTTP_REFERER=http://local.crm.1000web.ru/
---
2013/07/28 15:21:15 [error] [exception.CDbException] exception 'CDbException' with message 'CDbConnection failed to open the DB connection: SQLSTATE[28000] [1045] Access denied for user '1000web_crm'@'localhost' (using password: YES)' in /Applications/MAMP/vhosts/crm.1000web.ru/web/framework/db/CDbConnection.php:381
Stack trace:
#0 /Applications/MAMP/vhosts/crm.1000web.ru/web/framework/db/CDbConnection.php(330): CDbConnection->open()
#1 /Applications/MAMP/vhosts/crm.1000web.ru/web/framework/db/CDbConnection.php(308): CDbConnection->setActive(true)
#2 /Applications/MAMP/vhosts/crm.1000web.ru/web/framework/base/CModule.php(387): CDbConnection->init()
#3 /Applications/MAMP/vhosts/crm.1000web.ru/web/framework/base/CApplication.php(438): CModule->getComponent('db')
#4 /Applications/MAMP/vhosts/crm.1000web.ru/web/framework/db/ar/CActiveRecord.php(623): CApplication->getDb()
#5 /Applications/MAMP/vhosts/crm.1000web.ru/web/framework/db/ar/CActiveRecord.php(2309): CActiveRecord->getDbConnection()
#6 /Applications/MAMP/vhosts/crm.1000web.ru/web/framework/db/ar/CActiveRecord.php(387): CActiveRecordMetaData->__construct(Object(User))
#7 /Applications/MAMP/vhosts/crm.1000web.ru/web/protected/modules/user/models/User.php(33): CActiveRecord::model('User')
#8 /Applications/MAMP/vhosts/crm.1000web.ru/web/protected/modules/user/UserModule.php(245): User::model()
#9 /Applications/MAMP/vhosts/crm.1000web.ru/web/protected/modules/user/controllers/ProfileController.php(98): UserModule::user()
#10 /Applications/MAMP/vhosts/crm.1000web.ru/web/protected/modules/user/controllers/ProfileController.php(18): ProfileController->loadUser()
#11 /Applications/MAMP/vhosts/crm.1000web.ru/web/framework/web/actions/CInlineAction.php(49): ProfileController->actionProfile()
#12 /Applications/MAMP/vhosts/crm.1000web.ru/web/framework/web/CController.php(308): CInlineAction->runWithParams(Array)
#13 /Applications/MAMP/vhosts/crm.1000web.ru/web/framework/web/CController.php(286): CController->runAction(Object(CInlineAction))
#14 /Applications/MAMP/vhosts/crm.1000web.ru/web/framework/web/CController.php(265): CController->runActionWithFilters(Object(CInlineAction), Array)
#15 /Applications/MAMP/vhosts/crm.1000web.ru/web/framework/web/CWebApplication.php(282): CController->run('')
#16 /Applications/MAMP/vhosts/crm.1000web.ru/web/framework/web/CWebApplication.php(141): CWebApplication->runController('user/profile')
#17 /Applications/MAMP/vhosts/crm.1000web.ru/web/framework/base/CApplication.php(169): CWebApplication->processRequest()
#18 /Applications/MAMP/vhosts/crm.1000web.ru/web/index.php(13): CApplication->run()
#19 {main}
REQUEST_URI=/user/profile
HTTP_REFERER=http://local.crm.1000web.ru/
---
2013/07/28 15:21:17 [error] [exception.CDbException] exception 'CDbException' with message 'CDbConnection failed to open the DB connection: SQLSTATE[28000] [1045] Access denied for user '1000web_crm'@'localhost' (using password: YES)' in /Applications/MAMP/vhosts/crm.1000web.ru/web/framework/db/CDbConnection.php:381
Stack trace:
#0 /Applications/MAMP/vhosts/crm.1000web.ru/web/framework/db/CDbConnection.php(330): CDbConnection->open()
#1 /Applications/MAMP/vhosts/crm.1000web.ru/web/framework/db/CDbConnection.php(308): CDbConnection->setActive(true)
#2 /Applications/MAMP/vhosts/crm.1000web.ru/web/framework/base/CModule.php(387): CDbConnection->init()
#3 /Applications/MAMP/vhosts/crm.1000web.ru/web/framework/base/CApplication.php(438): CModule->getComponent('db')
#4 /Applications/MAMP/vhosts/crm.1000web.ru/web/framework/db/ar/CActiveRecord.php(623): CApplication->getDb()
#5 /Applications/MAMP/vhosts/crm.1000web.ru/web/framework/db/ar/CActiveRecord.php(2309): CActiveRecord->getDbConnection()
#6 /Applications/MAMP/vhosts/crm.1000web.ru/web/framework/db/ar/CActiveRecord.php(387): CActiveRecordMetaData->__construct(Object(User))
#7 /Applications/MAMP/vhosts/crm.1000web.ru/web/protected/modules/user/models/User.php(33): CActiveRecord::model('User')
#8 /Applications/MAMP/vhosts/crm.1000web.ru/web/protected/modules/user/UserModule.php(245): User::model()
#9 /Applications/MAMP/vhosts/crm.1000web.ru/web/protected/modules/user/controllers/ProfileController.php(98): UserModule::user()
#10 /Applications/MAMP/vhosts/crm.1000web.ru/web/protected/modules/user/controllers/ProfileController.php(18): ProfileController->loadUser()
#11 /Applications/MAMP/vhosts/crm.1000web.ru/web/framework/web/actions/CInlineAction.php(49): ProfileController->actionProfile()
#12 /Applications/MAMP/vhosts/crm.1000web.ru/web/framework/web/CController.php(308): CInlineAction->runWithParams(Array)
#13 /Applications/MAMP/vhosts/crm.1000web.ru/web/framework/web/CController.php(286): CController->runAction(Object(CInlineAction))
#14 /Applications/MAMP/vhosts/crm.1000web.ru/web/framework/web/CController.php(265): CController->runActionWithFilters(Object(CInlineAction), Array)
#15 /Applications/MAMP/vhosts/crm.1000web.ru/web/framework/web/CWebApplication.php(282): CController->run('')
#16 /Applications/MAMP/vhosts/crm.1000web.ru/web/framework/web/CWebApplication.php(141): CWebApplication->runController('user/profile')
#17 /Applications/MAMP/vhosts/crm.1000web.ru/web/framework/base/CApplication.php(169): CWebApplication->processRequest()
#18 /Applications/MAMP/vhosts/crm.1000web.ru/web/index.php(13): CApplication->run()
#19 {main}
REQUEST_URI=/user/profile
HTTP_REFERER=http://local.crm.1000web.ru/
---
2013/07/28 15:21:18 [error] [exception.CDbException] exception 'CDbException' with message 'CDbConnection failed to open the DB connection: SQLSTATE[28000] [1045] Access denied for user '1000web_crm'@'localhost' (using password: YES)' in /Applications/MAMP/vhosts/crm.1000web.ru/web/framework/db/CDbConnection.php:381
Stack trace:
#0 /Applications/MAMP/vhosts/crm.1000web.ru/web/framework/db/CDbConnection.php(330): CDbConnection->open()
#1 /Applications/MAMP/vhosts/crm.1000web.ru/web/framework/db/CDbConnection.php(308): CDbConnection->setActive(true)
#2 /Applications/MAMP/vhosts/crm.1000web.ru/web/framework/base/CModule.php(387): CDbConnection->init()
#3 /Applications/MAMP/vhosts/crm.1000web.ru/web/framework/base/CApplication.php(438): CModule->getComponent('db')
#4 /Applications/MAMP/vhosts/crm.1000web.ru/web/framework/db/ar/CActiveRecord.php(623): CApplication->getDb()
#5 /Applications/MAMP/vhosts/crm.1000web.ru/web/framework/db/ar/CActiveRecord.php(2309): CActiveRecord->getDbConnection()
#6 /Applications/MAMP/vhosts/crm.1000web.ru/web/framework/db/ar/CActiveRecord.php(387): CActiveRecordMetaData->__construct(Object(User))
#7 /Applications/MAMP/vhosts/crm.1000web.ru/web/protected/modules/user/models/User.php(33): CActiveRecord::model('User')
#8 /Applications/MAMP/vhosts/crm.1000web.ru/web/protected/modules/user/UserModule.php(245): User::model()
#9 /Applications/MAMP/vhosts/crm.1000web.ru/web/protected/modules/user/controllers/ProfileController.php(98): UserModule::user()
#10 /Applications/MAMP/vhosts/crm.1000web.ru/web/protected/modules/user/controllers/ProfileController.php(18): ProfileController->loadUser()
#11 /Applications/MAMP/vhosts/crm.1000web.ru/web/framework/web/actions/CInlineAction.php(49): ProfileController->actionProfile()
#12 /Applications/MAMP/vhosts/crm.1000web.ru/web/framework/web/CController.php(308): CInlineAction->runWithParams(Array)
#13 /Applications/MAMP/vhosts/crm.1000web.ru/web/framework/web/CController.php(286): CController->runAction(Object(CInlineAction))
#14 /Applications/MAMP/vhosts/crm.1000web.ru/web/framework/web/CController.php(265): CController->runActionWithFilters(Object(CInlineAction), Array)
#15 /Applications/MAMP/vhosts/crm.1000web.ru/web/framework/web/CWebApplication.php(282): CController->run('')
#16 /Applications/MAMP/vhosts/crm.1000web.ru/web/framework/web/CWebApplication.php(141): CWebApplication->runController('user/profile')
#17 /Applications/MAMP/vhosts/crm.1000web.ru/web/framework/base/CApplication.php(169): CWebApplication->processRequest()
#18 /Applications/MAMP/vhosts/crm.1000web.ru/web/index.php(13): CApplication->run()
#19 {main}
REQUEST_URI=/user/profile
HTTP_REFERER=http://local.crm.1000web.ru/
---
2013/07/28 15:21:23 [error] [exception.CDbException] exception 'CDbException' with message 'CDbConnection failed to open the DB connection: SQLSTATE[28000] [1045] Access denied for user '1000web_crm'@'localhost' (using password: YES)' in /Applications/MAMP/vhosts/crm.1000web.ru/web/framework/db/CDbConnection.php:381
Stack trace:
#0 /Applications/MAMP/vhosts/crm.1000web.ru/web/framework/db/CDbConnection.php(330): CDbConnection->open()
#1 /Applications/MAMP/vhosts/crm.1000web.ru/web/framework/db/CDbConnection.php(308): CDbConnection->setActive(true)
#2 /Applications/MAMP/vhosts/crm.1000web.ru/web/framework/base/CModule.php(387): CDbConnection->init()
#3 /Applications/MAMP/vhosts/crm.1000web.ru/web/framework/base/CApplication.php(438): CModule->getComponent('db')
#4 /Applications/MAMP/vhosts/crm.1000web.ru/web/framework/db/ar/CActiveRecord.php(623): CApplication->getDb()
#5 /Applications/MAMP/vhosts/crm.1000web.ru/web/framework/db/ar/CActiveRecord.php(2309): CActiveRecord->getDbConnection()
#6 /Applications/MAMP/vhosts/crm.1000web.ru/web/framework/db/ar/CActiveRecord.php(387): CActiveRecordMetaData->__construct(Object(User))
#7 /Applications/MAMP/vhosts/crm.1000web.ru/web/protected/modules/user/models/User.php(33): CActiveRecord::model('User')
#8 /Applications/MAMP/vhosts/crm.1000web.ru/web/protected/modules/user/UserModule.php(245): User::model()
#9 /Applications/MAMP/vhosts/crm.1000web.ru/web/protected/modules/user/controllers/ProfileController.php(98): UserModule::user()
#10 /Applications/MAMP/vhosts/crm.1000web.ru/web/protected/modules/user/controllers/ProfileController.php(18): ProfileController->loadUser()
#11 /Applications/MAMP/vhosts/crm.1000web.ru/web/framework/web/actions/CInlineAction.php(49): ProfileController->actionProfile()
#12 /Applications/MAMP/vhosts/crm.1000web.ru/web/framework/web/CController.php(308): CInlineAction->runWithParams(Array)
#13 /Applications/MAMP/vhosts/crm.1000web.ru/web/framework/web/CController.php(286): CController->runAction(Object(CInlineAction))
#14 /Applications/MAMP/vhosts/crm.1000web.ru/web/framework/web/CController.php(265): CController->runActionWithFilters(Object(CInlineAction), Array)
#15 /Applications/MAMP/vhosts/crm.1000web.ru/web/framework/web/CWebApplication.php(282): CController->run('')
#16 /Applications/MAMP/vhosts/crm.1000web.ru/web/framework/web/CWebApplication.php(141): CWebApplication->runController('user/profile')
#17 /Applications/MAMP/vhosts/crm.1000web.ru/web/framework/base/CApplication.php(169): CWebApplication->processRequest()
#18 /Applications/MAMP/vhosts/crm.1000web.ru/web/index.php(13): CApplication->run()
#19 {main}
REQUEST_URI=/user/profile
HTTP_REFERER=http://local.crm.1000web.ru/
---
2013/07/28 15:25:09 [error] [exception.CException] exception 'CException' with message 'Контроллер ClientController не может найти представление "index".' in /Applications/MAMP/vhosts/crm.1000web.ru/web/framework/web/CController.php:878
Stack trace:
#0 /Applications/MAMP/vhosts/crm.1000web.ru/web/framework/web/CController.php(782): CController->renderPartial('index', Array, true)
#1 /Applications/MAMP/vhosts/crm.1000web.ru/web/protected/controllers/ClientController.php(128): CController->render('index', Array)
#2 /Applications/MAMP/vhosts/crm.1000web.ru/web/framework/web/actions/CInlineAction.php(49): ClientController->actionIndex()
#3 /Applications/MAMP/vhosts/crm.1000web.ru/web/framework/web/CController.php(308): CInlineAction->runWithParams(Array)
#4 /Applications/MAMP/vhosts/crm.1000web.ru/web/framework/web/filters/CFilterChain.php(133): CController->runAction(Object(CInlineAction))
#5 /Applications/MAMP/vhosts/crm.1000web.ru/web/framework/web/filters/CFilter.php(40): CFilterChain->run()
#6 /Applications/MAMP/vhosts/crm.1000web.ru/web/framework/web/CController.php(1145): CFilter->filter(Object(CFilterChain))
#7 /Applications/MAMP/vhosts/crm.1000web.ru/web/framework/web/filters/CInlineFilter.php(58): CController->filterAccessControl(Object(CFilterChain))
#8 /Applications/MAMP/vhosts/crm.1000web.ru/web/framework/web/filters/CFilterChain.php(130): CInlineFilter->filter(Object(CFilterChain))
#9 /Applications/MAMP/vhosts/crm.1000web.ru/web/framework/web/CController.php(291): CFilterChain->run()
#10 /Applications/MAMP/vhosts/crm.1000web.ru/web/framework/web/CController.php(265): CController->runActionWithFilters(Object(CInlineAction), Array)
#11 /Applications/MAMP/vhosts/crm.1000web.ru/web/framework/web/CWebApplication.php(282): CController->run('')
#12 /Applications/MAMP/vhosts/crm.1000web.ru/web/framework/web/CWebApplication.php(141): CWebApplication->runController('client')
#13 /Applications/MAMP/vhosts/crm.1000web.ru/web/framework/base/CApplication.php(169): CWebApplication->processRequest()
#14 /Applications/MAMP/vhosts/crm.1000web.ru/web/index.php(13): CApplication->run()
#15 {main}
REQUEST_URI=/client
HTTP_REFERER=http://local.crm.1000web.ru/organization
---
